<?xml version="1.0" encoding="UTF-8"?>
<testng-results ignored="4" total="7" passed="3" failed="0" skipped="0">
  <reporter-output>
    <line>
      <![CDATA[Expected Tile: My Store]]>
    </line>
    <line>
      <![CDATA[Actaul Title: My Store]]>
    </line>
    <line>
      <![CDATA[Expected Url: http://automationpractice.com/]]>
    </line>
    <line>
      <![CDATA[Current Url: http://automationpractice.com/index.php]]>
    </line>
  </reporter-output>
  <suite started-at="2022-04-21T05:34:01 IST" name="Sample Suite" finished-at="2022-04-21T05:34:19 IST" duration-ms="18591">
    <groups>
    </groups>
    <test started-at="2022-04-21T05:34:01 IST" name="Basic Test" finished-at="2022-04-21T05:34:19 IST" duration-ms="18591">
      <class name="basePackage.TestSample">
        <test-method is-config="true" signature="beforeTest(java.lang.String,java.lang.String)[pri:0, instance:basePackage.TestSample@31fa1761]" started-at="2022-04-21T05:34:01 IST" name="beforeTest" finished-at="2022-04-21T05:34:16 IST" duration-ms="15205" status="PASS">
          <params>
            <param index="0">
              <value>
                <![CDATA[chrome]]>
              </value>
            </param>
            <param index="1">
              <value>
                <![CDATA[http://automationpractice.com/]]>
              </value>
            </param>
          </params>
          <reporter-output>
          </reporter-output>
        </test-method> <!-- beforeTest -->
        <test-method signature="tileValidation()[pri:0, instance:basePackage.TestSample@31fa1761]" started-at="2022-04-21T05:34:16 IST" name="tileValidation" finished-at="2022-04-21T05:34:16 IST" duration-ms="22" status="PASS">
          <reporter-output>
            <line>
              <![CDATA[Expected Tile: My Store]]>
            </line>
            <line>
              <![CDATA[Actaul Title: My Store]]>
            </line>
          </reporter-output>
        </test-method> <!-- tileValidation -->
        <test-method signature="urlValidation(java.lang.String)[pri:0, instance:basePackage.TestSample@31fa1761]" started-at="2022-04-21T05:34:16 IST" name="urlValidation" finished-at="2022-04-21T05:34:16 IST" duration-ms="6" status="PASS">
          <params>
            <param index="0">
              <value>
                <![CDATA[http://automationpractice.com/]]>
              </value>
            </param>
          </params>
          <reporter-output>
            <line>
              <![CDATA[Expected Url: http://automationpractice.com/]]>
            </line>
            <line>
              <![CDATA[Current Url: http://automationpractice.com/index.php]]>
            </line>
          </reporter-output>
        </test-method> <!-- urlValidation -->
        <test-method is-config="true" signature="afterTest()[pri:0, instance:basePackage.TestSample@31fa1761]" started-at="2022-04-21T05:34:19 IST" name="afterTest" finished-at="2022-04-21T05:34:19 IST" duration-ms="0" status="PASS">
          <reporter-output>
          </reporter-output>
        </test-method> <!-- afterTest -->
      </class> <!-- basePackage.TestSample -->
      <class name="basePackage.SignUpFlow">
        <test-method is-config="true" signature="loginPageObjectInit()[pri:0, instance:basePackage.SignUpFlow@437da279]" started-at="2022-04-21T05:34:16 IST" name="loginPageObjectInit" finished-at="2022-04-21T05:34:16 IST" duration-ms="101" status="PASS">
          <reporter-output>
          </reporter-output>
        </test-method> <!-- loginPageObjectInit -->
        <test-method signature="singUpFlow()[pri:0, instance:basePackage.SignUpFlow@437da279]" started-at="2022-04-21T05:34:16 IST" name="singUpFlow" finished-at="2022-04-21T05:34:19 IST" duration-ms="3225" status="PASS">
          <reporter-output>
          </reporter-output>
        </test-method> <!-- singUpFlow -->
      </class> <!-- basePackage.SignUpFlow -->
    </test> <!-- Basic Test -->
  </suite> <!-- Sample Suite -->
</testng-results>
