<?xml version="1.0" encoding="UTF-8"?>
<!-- Generated by org.testng.reporters.JUnitXMLReporter -->
<testsuite ignored="4" hostname="bhargav" failures="0" tests="3" name="Basic Test" time="18.591" errors="0" timestamp="2022-04-21T05:34:19 IST">
  <testcase classname="basePackage.TestSample" name="tileValidation" time="0.022"/>
  <testcase classname="basePackage.TestSample" name="urlValidation" time="0.006"/>
  <testcase classname="basePackage.SignUpFlow" name="singUpFlow" time="3.225"/>
  <testcase classname="basePackage.preLaunch" name="@BeforeTest beforeTest" time="0.0">
    <ignored/>
  </testcase> <!-- @BeforeTest beforeTest -->
  <testcase classname="basePackage.preLaunch" name="@BeforeTest beforeTest" time="0.0">
    <ignored/>
  </testcase> <!-- @BeforeTest beforeTest -->
  <testcase classname="basePackage.preLaunch" name="@AfterTest afterTest" time="0.0">
    <ignored/>
  </testcase> <!-- @AfterTest afterTest -->
  <testcase classname="basePackage.preLaunch" name="@AfterTest afterTest" time="0.0">
    <ignored/>
  </testcase> <!-- @AfterTest afterTest -->
</testsuite> <!-- Basic Test -->
