<?xml version="1.0" encoding="UTF-8"?>
<!-- Generated by org.testng.reporters.JUnitXMLReporter -->
<testsuite ignored="0" hostname="bhargav" failures="0" tests="1" name="Basic Test" time="14.174" errors="0" timestamp="2022-04-16T06:34:04 IST">
  <testcase classname="basePackage.BaseTest" name="@AfterTest afterTest" time="0.0">
    <failure type="java.lang.NullPointerException" message="Cannot invoke &amp;quot;org.openqa.selenium.WebDriver.quit()&amp;quot; because &amp;quot;basePackage.BaseTest.driver&amp;quot; is null">
      <![CDATA[java.lang.NullPointerException: Cannot invoke "org.openqa.selenium.WebDriver.quit()" because "basePackage.BaseTest.driver" is null
at basePackage.BaseTest.afterTest(BaseTest.java:27)
... Removed 24 stack frames]]>
    </failure>
  </testcase> <!-- @AfterTest afterTest -->
  <testcase classname="basePackage.TestSample" name="urlValidation" time="0.004"/>
</testsuite> <!-- Basic Test -->
